<?xml version="1.0" encoding="UTF-8"?>
<!-- Generated by org.testng.reporters.JUnitXMLReporter -->
<testsuite ignored="10" hostname="Santoshs-MacBook-Pro.local" failures="0" tests="1" name="Default test" time="3.845" errors="0" timestamp="2024-03-20T00:58:46 CDT">
  <testcase classname="SeleniumTraning.tests.CDPToolsTest" name="ConsoleLogsCapture" time="3.831"/>
  <testcase classname="SeleniumTraning.tests.CDPToolsTest" name="NetworkResponseUpdate" time="0.0">
    <ignored/>
  </testcase> <!-- NetworkResponseUpdate -->
  <testcase classname="SeleniumTraning.tests.CDPToolsTest" name="CDPCommandTest" time="0.0">
    <ignored/>
  </testcase> <!-- CDPCommandTest -->
  <testcase classname="SeleniumTraning.tests.CDPToolsTest" name="CDPMobileTestEmulation" time="0.0">
    <ignored/>
  </testcase> <!-- CDPMobileTestEmulation -->
  <testcase classname="SeleniumTraning.tests.CDPToolsTest" name="NetworkFailedResponseCapture" time="0.0">
    <ignored/>
  </testcase> <!-- NetworkFailedResponseCapture -->
  <testcase classname="SeleniumTraning.tests.CDPToolsTest" name="NetworkActivityTC" time="0.0">
    <ignored/>
  </testcase> <!-- NetworkActivityTC -->
  <testcase classname="SeleniumTraning.tests.CDPToolsTest" name="NetworkFailRequest" time="0.0">
    <ignored/>
  </testcase> <!-- NetworkFailRequest -->
  <testcase classname="SeleniumTraning.tests.CDPToolsTest" name="NetworkSpeedSimulation" time="0.0">
    <ignored/>
  </testcase> <!-- NetworkSpeedSimulation -->
  <testcase classname="SeleniumTraning.tests.CDPToolsTest" name="BasicAuthentication" time="0.0">
    <ignored/>
  </testcase> <!-- BasicAuthentication -->
  <testcase classname="SeleniumTraning.tests.CDPToolsTest" name="NetworkBlockRequests" time="0.0">
    <ignored/>
  </testcase> <!-- NetworkBlockRequests -->
  <testcase classname="SeleniumTraning.tests.CDPToolsTest" name="CDPChangeGeoLocation" time="0.0">
    <ignored/>
  </testcase> <!-- CDPChangeGeoLocation -->
</testsuite> <!-- Default test -->
