<?xml version="1.0" encoding="UTF-8"?>
<!-- Generated by org.testng.reporters.JUnitXMLReporter -->
<testsuite ignored="0" hostname="Santoshs-MacBook-Pro.local" failures="0" tests="2" name="Error Validation Test" time="14.994" errors="0" timestamp="2024-03-05T10:52:32 CST">
  <testcase classname="SeleniumTraning.tests.errorValidationLoginPageTest" name="LoginErrorValidation" time="1.045"/>
  <testcase classname="SeleniumTraning.tests.errorValidationLoginPageTest" name="productErrorValidation" time="2.641"/>
</testsuite> <!-- Error Validation Test -->
