<?xml version="1.0" encoding="UTF-8"?>
<!-- Generated by org.testng.reporters.JUnitXMLReporter -->
<testsuite ignored="0" hostname="Santoshs-MacBook-Pro.local" failures="0" tests="4" name="Submit Order Test" time="54.862" errors="0" timestamp="2024-02-27T02:37:04 CST">
  <testcase classname="SeleniumTraning.tests.StandAlonePageObjectTest" name="submitOrder" time="15.799"/>
  <testcase classname="SeleniumTraning.tests.StandAlonePageObjectTest" name="submitOrder" time="15.688"/>
  <testcase classname="SeleniumTraning.tests.StandAlonePageObjectTest" name="purchaseOrderValidation" time="0.872"/>
  <testcase classname="SeleniumTraning.tests.StandAlonePageObjectTest" name="purchaseOrderValidation" time="0.889"/>
</testsuite> <!-- Submit Order Test -->
