<?xml version="1.0" encoding="UTF-8"?>
<!-- Generated by org.testng.reporters.JUnitXMLReporter -->
<testsuite ignored="0" hostname="Santoshs-MacBook-Pro.local" failures="0" tests="4" name="Submit Order Test" time="62.081" errors="0" timestamp="2024-03-05T22:50:43 CST">
  <testcase classname="SeleniumTraning.tests.EcommerceApplicationTests" name="submitOrder" time="15.088"/>
  <testcase classname="SeleniumTraning.tests.EcommerceApplicationTests" name="submitOrder" time="15.214"/>
  <testcase classname="SeleniumTraning.tests.EcommerceApplicationTests" name="purchaseOrderValidation" time="0.896"/>
  <testcase classname="SeleniumTraning.tests.EcommerceApplicationTests" name="purchaseOrderValidation" time="0.841"/>
</testsuite> <!-- Submit Order Test -->
