<?xml version="1.0" encoding="UTF-8"?>
<!-- Generated by org.testng.reporters.JUnitXMLReporter -->
<testsuite ignored="0" hostname="Santoshs-MacBook-Pro.local" failures="0" tests="2" name="Error Validation Test" time="38.766" errors="0" timestamp="2024-02-13T16:57:54 CST">
  <testcase classname="SeleniumTraning.tests.errorValidationLoginPageTest" name="LoginErrorValidation" time="0.937"/>
  <testcase classname="SeleniumTraning.tests.errorValidationLoginPageTest" name="productErrorValidation" time="24.577"/>
</testsuite> <!-- Error Validation Test -->
