<?xml version="1.0" encoding="UTF-8"?>
<!-- Generated by org.testng.reporters.JUnitXMLReporter -->
<testsuite ignored="0" hostname="Santoshs-MacBook-Pro.local" failures="0" tests="4" name="Submit Order Test" time="83.521" errors="0" timestamp="2024-02-13T16:58:38 CST">
  <testcase classname="SeleniumTraning.tests.StandAlonePageObjectTest" name="submitOrder" time="26.509"/>
  <testcase classname="SeleniumTraning.tests.StandAlonePageObjectTest" name="submitOrder" time="25.77"/>
  <testcase classname="SeleniumTraning.tests.StandAlonePageObjectTest" name="purchaseOrderValidation" time="1.6"/>
  <testcase classname="SeleniumTraning.tests.StandAlonePageObjectTest" name="purchaseOrderValidation" time="0.824"/>
</testsuite> <!-- Submit Order Test -->
