<?xml version="1.0" encoding="UTF-8"?>
<testng-results ignored="0" total="1" passed="1" failed="0" skipped="0">
  <reporter-output>
  </reporter-output>
  <suite started-at="2024-03-20T00:58:42 CDT" name="Default suite" finished-at="2024-03-20T00:58:46 CDT" duration-ms="3845">
    <groups>
    </groups>
    <test started-at="2024-03-20T00:58:42 CDT" name="Default test" finished-at="2024-03-20T00:58:46 CDT" duration-ms="3845">
      <class name="SeleniumTraning.tests.CDPToolsTest">
        <test-method signature="ConsoleLogsCapture()[pri:0, instance:SeleniumTraning.tests.CDPToolsTest@543295b0]" started-at="2024-03-20T00:58:42 CDT" name="ConsoleLogsCapture" finished-at="2024-03-20T00:58:46 CDT" duration-ms="3831" status="PASS">
          <reporter-output>
          </reporter-output>
        </test-method> <!-- ConsoleLogsCapture -->
      </class> <!-- SeleniumTraning.tests.CDPToolsTest -->
    </test> <!-- Default test -->
  </suite> <!-- Default suite -->
</testng-results>
