<?xml version="1.0" encoding="UTF-8"?>
<testng-results ignored="0" total="6" passed="6" failed="0" skipped="0">
  <reporter-output>
  </reporter-output>
  <suite started-at="2024-03-05T10:52:17 CST" name="Suite" finished-at="2024-03-05T10:53:03 CST" duration-ms="46268">
    <groups>
      <group name="Purchase">
        <method signature="StandAlonePageObjectTest.submitOrder(java.util.HashMap)[pri:0, instance:SeleniumTraning.tests.StandAlonePageObjectTest@6ed3f258]" name="submitOrder" class="SeleniumTraning.tests.StandAlonePageObjectTest"/>
      </group> <!-- Purchase -->
    </groups>
    <test started-at="2024-03-05T10:52:17 CST" name="Error Validation Test" finished-at="2024-03-05T10:52:32 CST" duration-ms="14994">
      <class name="SeleniumTraning.tests.errorValidationLoginPageTest">
        <test-method is-config="true" signature="launchApplication()[pri:0, instance:SeleniumTraning.tests.errorValidationLoginPageTest@59b38691]" started-at="2024-03-05T10:52:17 CST" name="launchApplication" finished-at="2024-03-05T10:52:23 CST" duration-ms="6754" status="PASS">
          <reporter-output>
          </reporter-output>
        </test-method> <!-- launchApplication -->
        <test-method signature="LoginErrorValidation()[pri:0, instance:SeleniumTraning.tests.errorValidationLoginPageTest@59b38691]" started-at="2024-03-05T10:52:23 CST" name="LoginErrorValidation" finished-at="2024-03-05T10:52:25 CST" duration-ms="1045" status="PASS">
          <reporter-output>
          </reporter-output>
        </test-method> <!-- LoginErrorValidation -->
        <test-method is-config="true" signature="tearDown()[pri:0, instance:SeleniumTraning.tests.errorValidationLoginPageTest@59b38691]" started-at="2024-03-05T10:52:25 CST" name="tearDown" finished-at="2024-03-05T10:52:25 CST" duration-ms="126" status="PASS">
          <reporter-output>
          </reporter-output>
        </test-method> <!-- tearDown -->
        <test-method is-config="true" signature="launchApplication()[pri:0, instance:SeleniumTraning.tests.errorValidationLoginPageTest@59b38691]" started-at="2024-03-05T10:52:25 CST" name="launchApplication" finished-at="2024-03-05T10:52:29 CST" duration-ms="4288" status="PASS">
          <reporter-output>
          </reporter-output>
        </test-method> <!-- launchApplication -->
        <test-method signature="productErrorValidation()[pri:0, instance:SeleniumTraning.tests.errorValidationLoginPageTest@59b38691]" started-at="2024-03-05T10:52:29 CST" name="productErrorValidation" finished-at="2024-03-05T10:52:32 CST" duration-ms="2641" status="PASS">
          <reporter-output>
          </reporter-output>
        </test-method> <!-- productErrorValidation -->
        <test-method is-config="true" signature="tearDown()[pri:0, instance:SeleniumTraning.tests.errorValidationLoginPageTest@59b38691]" started-at="2024-03-05T10:52:32 CST" name="tearDown" finished-at="2024-03-05T10:52:32 CST" duration-ms="120" status="PASS">
          <reporter-output>
          </reporter-output>
        </test-method> <!-- tearDown -->
      </class> <!-- SeleniumTraning.tests.errorValidationLoginPageTest -->
    </test> <!-- Error Validation Test -->
    <test started-at="2024-03-05T10:52:17 CST" name="Submit Order Test" finished-at="2024-03-05T10:53:03 CST" duration-ms="46268">
      <class name="SeleniumTraning.tests.StandAlonePageObjectTest">
        <test-method is-config="true" signature="launchApplication()[pri:0, instance:SeleniumTraning.tests.StandAlonePageObjectTest@6ed3f258]" started-at="2024-03-05T10:52:17 CST" name="launchApplication" finished-at="2024-03-05T10:52:25 CST" duration-ms="8445" status="PASS">
          <reporter-output>
          </reporter-output>
        </test-method> <!-- launchApplication -->
        <test-method signature="submitOrder(java.util.HashMap)[pri:0, instance:SeleniumTraning.tests.StandAlonePageObjectTest@6ed3f258]" started-at="2024-03-05T10:52:25 CST" name="submitOrder" data-provider="getData" finished-at="2024-03-05T10:52:41 CST" duration-ms="15434" status="PASS">
          <params>
            <param index="0">
              <value>
                <![CDATA[{password=S@ntosh1, validateProductName=ADIDAS ORIGINAL, email=santosh@gmail.com, productName=ADIDAS ORIGINAL}]]>
              </value>
            </param>
          </params>
          <reporter-output>
          </reporter-output>
        </test-method> <!-- submitOrder -->
        <test-method is-config="true" signature="tearDown()[pri:0, instance:SeleniumTraning.tests.StandAlonePageObjectTest@6ed3f258]" started-at="2024-03-05T10:52:41 CST" name="tearDown" finished-at="2024-03-05T10:52:41 CST" duration-ms="67" status="PASS">
          <reporter-output>
          </reporter-output>
        </test-method> <!-- tearDown -->
        <test-method is-config="true" signature="launchApplication()[pri:0, instance:SeleniumTraning.tests.StandAlonePageObjectTest@6ed3f258]" started-at="2024-03-05T10:52:41 CST" name="launchApplication" finished-at="2024-03-05T10:52:45 CST" duration-ms="4411" status="PASS">
          <reporter-output>
          </reporter-output>
        </test-method> <!-- launchApplication -->
        <test-method signature="submitOrder(java.util.HashMap)[pri:0, instance:SeleniumTraning.tests.StandAlonePageObjectTest@6ed3f258]" started-at="2024-03-05T10:52:45 CST" name="submitOrder" data-provider="getData" finished-at="2024-03-05T10:52:49 CST" duration-ms="3595" status="PASS">
          <params>
            <param index="0">
              <value>
                <![CDATA[{password=Kedar!23, validateProductName=IPHONE 13 PRO, email=kedar@gmail.com, productName=IPHONE 13 PRO}]]>
              </value>
            </param>
          </params>
          <reporter-output>
          </reporter-output>
        </test-method> <!-- submitOrder -->
        <test-method is-config="true" signature="tearDown()[pri:0, instance:SeleniumTraning.tests.StandAlonePageObjectTest@6ed3f258]" started-at="2024-03-05T10:52:49 CST" name="tearDown" finished-at="2024-03-05T10:52:49 CST" duration-ms="85" status="PASS">
          <reporter-output>
          </reporter-output>
        </test-method> <!-- tearDown -->
        <test-method is-config="true" signature="launchApplication()[pri:0, instance:SeleniumTraning.tests.StandAlonePageObjectTest@6ed3f258]" started-at="2024-03-05T10:52:49 CST" name="launchApplication" finished-at="2024-03-05T10:52:56 CST" duration-ms="7247" status="PASS">
          <reporter-output>
          </reporter-output>
        </test-method> <!-- launchApplication -->
        <test-method signature="purchaseOrderValidation(java.util.HashMap)[pri:0, instance:SeleniumTraning.tests.StandAlonePageObjectTest@6ed3f258]" started-at="2024-03-05T10:52:56 CST" name="purchaseOrderValidation" data-provider="getData" finished-at="2024-03-05T10:52:57 CST" depends-on-methods="SeleniumTraning.tests.StandAlonePageObjectTest.submitOrder" duration-ms="856" status="PASS">
          <params>
            <param index="0">
              <value>
                <![CDATA[{password=S@ntosh1, validateProductName=ADIDAS ORIGINAL, email=santosh@gmail.com, productName=ADIDAS ORIGINAL}]]>
              </value>
            </param>
          </params>
          <reporter-output>
          </reporter-output>
        </test-method> <!-- purchaseOrderValidation -->
        <test-method is-config="true" signature="tearDown()[pri:0, instance:SeleniumTraning.tests.StandAlonePageObjectTest@6ed3f258]" started-at="2024-03-05T10:52:57 CST" name="tearDown" finished-at="2024-03-05T10:52:57 CST" duration-ms="113" status="PASS">
          <reporter-output>
          </reporter-output>
        </test-method> <!-- tearDown -->
        <test-method is-config="true" signature="launchApplication()[pri:0, instance:SeleniumTraning.tests.StandAlonePageObjectTest@6ed3f258]" started-at="2024-03-05T10:52:57 CST" name="launchApplication" finished-at="2024-03-05T10:53:02 CST" duration-ms="4921" status="PASS">
          <reporter-output>
          </reporter-output>
        </test-method> <!-- launchApplication -->
        <test-method signature="purchaseOrderValidation(java.util.HashMap)[pri:0, instance:SeleniumTraning.tests.StandAlonePageObjectTest@6ed3f258]" started-at="2024-03-05T10:53:02 CST" name="purchaseOrderValidation" data-provider="getData" finished-at="2024-03-05T10:53:03 CST" depends-on-methods="SeleniumTraning.tests.StandAlonePageObjectTest.submitOrder" duration-ms="910" status="PASS">
          <params>
            <param index="0">
              <value>
                <![CDATA[{password=Kedar!23, validateProductName=IPHONE 13 PRO, email=kedar@gmail.com, productName=IPHONE 13 PRO}]]>
              </value>
            </param>
          </params>
          <reporter-output>
          </reporter-output>
        </test-method> <!-- purchaseOrderValidation -->
        <test-method is-config="true" signature="tearDown()[pri:0, instance:SeleniumTraning.tests.StandAlonePageObjectTest@6ed3f258]" started-at="2024-03-05T10:53:03 CST" name="tearDown" finished-at="2024-03-05T10:53:03 CST" duration-ms="83" status="PASS">
          <reporter-output>
          </reporter-output>
        </test-method> <!-- tearDown -->
      </class> <!-- SeleniumTraning.tests.StandAlonePageObjectTest -->
    </test> <!-- Submit Order Test -->
  </suite> <!-- Suite -->
</testng-results>
